Determining if the pthread_create exist failed with the following output:
Change Dir: /home/pi/pomirs_ws/build_isolated/sensor_msgs/CMakeFiles/CMakeTmp

Run Build Command:"/usr/bin/make" "cmTC_29430/fast"
/usr/bin/make -f CMakeFiles/cmTC_29430.dir/build.make CMakeFiles/cmTC_29430.dir/build
make[1]: Entering directory '/home/pi/pomirs_ws/build_isolated/sensor_msgs/CMakeFiles/CMakeTmp'
Building C object CMakeFiles/cmTC_29430.dir/CheckSymbolExists.c.o
/usr/bin/cc    -o CMakeFiles/cmTC_29430.dir/CheckSymbolExists.c.o   -c /home/pi/pomirs_ws/build_isolated/sensor_msgs/CMakeFiles/CMakeTmp/CheckSymbolExists.c
Linking C executable cmTC_29430
/usr/bin/cmake -E cmake_link_script CMakeFiles/cmTC_29430.dir/link.txt --verbose=1
/usr/bin/cc      -rdynamic CMakeFiles/cmTC_29430.dir/CheckSymbolExists.c.o  -o cmTC_29430 
/usr/bin/ld: CMakeFiles/cmTC_29430.dir/CheckSymbolExists.c.o: in function `main':
CheckSymbolExists.c:(.text+0x38): undefined reference to `pthread_create'
collect2: error: ld returned 1 exit status
make[1]: *** [CMakeFiles/cmTC_29430.dir/build.make:87: cmTC_29430] Error 1
make[1]: Leaving directory '/home/pi/pomirs_ws/build_isolated/sensor_msgs/CMakeFiles/CMakeTmp'
make: *** [Makefile:121: cmTC_29430/fast] Error 2

File /home/pi/pomirs_ws/build_isolated/sensor_msgs/CMakeFiles/CMakeTmp/CheckSymbolExists.c:
/* */
#include <pthread.h>

int main(int argc, char** argv)
{
  (void)argv;
#ifndef pthread_create
  return ((int*)(&pthread_create))[argc];
#else
  (void)argc;
  return 0;
#endif
}

Determining if the function pthread_create exists in the pthreads failed with the following output:
Change Dir: /home/pi/pomirs_ws/build_isolated/sensor_msgs/CMakeFiles/CMakeTmp

Run Build Command:"/usr/bin/make" "cmTC_cb134/fast"
/usr/bin/make -f CMakeFiles/cmTC_cb134.dir/build.make CMakeFiles/cmTC_cb134.dir/build
make[1]: Entering directory '/home/pi/pomirs_ws/build_isolated/sensor_msgs/CMakeFiles/CMakeTmp'
Building C object CMakeFiles/cmTC_cb134.dir/CheckFunctionExists.c.o
/usr/bin/cc   -DCHECK_FUNCTION_EXISTS=pthread_create   -o CMakeFiles/cmTC_cb134.dir/CheckFunctionExists.c.o   -c /usr/share/cmake-3.13/Modules/CheckFunctionExists.c
Linking C executable cmTC_cb134
/usr/bin/cmake -E cmake_link_script CMakeFiles/cmTC_cb134.dir/link.txt --verbose=1
/usr/bin/cc  -DCHECK_FUNCTION_EXISTS=pthread_create    -rdynamic CMakeFiles/cmTC_cb134.dir/CheckFunctionExists.c.o  -o cmTC_cb134 -lpthreads 
/usr/bin/ld: cannot find -lpthreads
collect2: error: ld returned 1 exit status
make[1]: *** [CMakeFiles/cmTC_cb134.dir/build.make:87: cmTC_cb134] Error 1
make[1]: Leaving directory '/home/pi/pomirs_ws/build_isolated/sensor_msgs/CMakeFiles/CMakeTmp'
make: *** [Makefile:121: cmTC_cb134/fast] Error 2


